0 info it worked if it ends with ok
1 verbose cli [ '/Users/idoch/.nvm/v5.3.0/bin/node',
1 verbose cli   '/Users/idoch/.nvm/v5.3.0/bin/npm',
1 verbose cli   'publish' ]
2 info using npm@3.3.12
3 info using node@v5.3.0
4 verbose publish [ '.' ]
5 silly cache add args [ '.', null ]
6 verbose cache add spec .
7 silly cache add parsed spec Result {
7 silly cache add   raw: '.',
7 silly cache add   scope: null,
7 silly cache add   name: null,
7 silly cache add   rawSpec: '.',
7 silly cache add   spec: '/Users/idoch/Documents/projects/generator-go-negroni-pat-angular',
7 silly cache add   type: 'directory' }
8 verbose addLocalDirectory /Users/idoch/.npm/generator-go-negroni-pat-angular/0.1.0/package.tgz not in flight; packing
9 info lifecycle generator-go-negroni-pat-angular@0.1.0~prepublish: generator-go-negroni-pat-angular@0.1.0
10 verbose lifecycle generator-go-negroni-pat-angular@0.1.0~prepublish: unsafe-perm in lifecycle true
11 verbose lifecycle generator-go-negroni-pat-angular@0.1.0~prepublish: PATH: /Users/idoch/.nvm/v5.3.0/lib/node_modules/npm/bin/node-gyp-bin:/Users/idoch/Documents/projects/generator-go-negroni-pat-angular/node_modules/.bin:/Users/idoch/.rvm/gems/ruby-2.1.8/bin:/Users/idoch/.rvm/gems/ruby-2.1.8@global/bin:/Users/idoch/.rvm/rubies/ruby-2.1.8/bin:/Users/idoch/.nvm/v5.3.0/bin:/usr/local/bin:/usr/local/sbin:/usr/bin:/bin:/usr/sbin:/sbin:/usr/local/git/bin:/Users/idoch/Documents/gettaxi/gtforge_dev/script:/usr/local/opt/go/libexec/bin:/Users/idoch/Documents/gettaxi/go_projects/bin:/Users/idoch/bin/FDK/Tools/osx:/Users/idoch/bin/FDK/Tools/osx:/Users/idoch/.rvm/bin
12 verbose lifecycle generator-go-negroni-pat-angular@0.1.0~prepublish: CWD: /Users/idoch/Documents/projects/generator-go-negroni-pat-angular
13 silly lifecycle generator-go-negroni-pat-angular@0.1.0~prepublish: Args: [ '-c', 'gulp prepublish' ]
14 silly lifecycle generator-go-negroni-pat-angular@0.1.0~prepublish: Returned: code: 0  signal: null
15 verbose tar pack [ '/Users/idoch/.npm/generator-go-negroni-pat-angular/0.1.0/package.tgz',
15 verbose tar pack   '/Users/idoch/Documents/projects/generator-go-negroni-pat-angular' ]
16 verbose tarball /Users/idoch/.npm/generator-go-negroni-pat-angular/0.1.0/package.tgz
17 verbose folder /Users/idoch/Documents/projects/generator-go-negroni-pat-angular
18 verbose addLocalTarball adding from inside cache /Users/idoch/.npm/generator-go-negroni-pat-angular/0.1.0/package.tgz
19 silly cache afterAdd generator-go-negroni-pat-angular@0.1.0
20 verbose afterAdd /Users/idoch/.npm/generator-go-negroni-pat-angular/0.1.0/package/package.json not in flight; writing
21 verbose afterAdd /Users/idoch/.npm/generator-go-negroni-pat-angular/0.1.0/package/package.json written
22 silly publish { name: 'generator-go-negroni-pat-angular',
22 silly publish   version: '0.1.0',
22 silly publish   description: 'Create microservice base on AngularJS + Go + Negroni + Pat (and Viper for YAML configuration) with Yeoman',
22 silly publish   homepage: 'https://github.com/idoch/generator-go-negroni-pat-angular',
22 silly publish   author:
22 silly publish    { name: 'idochetrit',
22 silly publish      email: 'ido.chetrit@gettaxi.com',
22 silly publish      url: 'https://github.com/idoch/generator-go-negroni-pat-angular' },
22 silly publish   files: [ 'generators' ],
22 silly publish   main: 'generators/index.js',
22 silly publish   keywords: [ 'yeoman-generator' ],
22 silly publish   dependencies:
22 silly publish    { 'yeoman-generator': '^0.21.1',
22 silly publish      'underscore.string': '^3.2.2',
22 silly publish      lodash: '^3.10.1',
22 silly publish      chalk: '^1.0.0',
22 silly publish      mkdirp: '^0.5.1',
22 silly publish      yosay: '^1.0.2' },
22 silly publish   devDependencies:
22 silly publish    { 'yeoman-assert': '^2.0.0',
22 silly publish      gulp: '^3.6.0',
22 silly publish      'gulp-eslint': '^1.0.0',
22 silly publish      'gulp-exclude-gitignore': '^1.0.0',
22 silly publish      'gulp-istanbul': '^0.9.0',
22 silly publish      'gulp-mocha': '^2.0.0',
22 silly publish      'gulp-plumber': '^1.0.0',
22 silly publish      'gulp-nsp': '^2.1.0' },
22 silly publish   repository:
22 silly publish    { type: 'git',
22 silly publish      url: 'git+https://github.com/idoch/generator-go-negroni-pat-angular.git' },
22 silly publish   scripts: { prepublish: 'gulp prepublish', test: 'gulp' },
22 silly publish   license: 'MIT',
22 silly publish   readme: '# generator-go-negroni-pat-angular [![NPM version][npm-image]][npm-url] [![Build Status][travis-image]][travis-url] [![Dependency Status][daviddm-image]][daviddm-url]\n> Create microservice base on AngularJS + Go + Negroni + Pat\n\n## Installation\n\nFirst, install [Yeoman](http://yeoman.io) and generator-go-negroni-pat-angular using [npm](https://www.npmjs.com/) (we assume you have pre-installed [node.js](https://nodejs.org/)).\n\n```bash\nnpm install -g yo\nnpm install -g generator-go-negroni-pat-angular\n```\n\nThen generate your new project:\n\n```bash\nyo go-negroni-pat-angular\n```\n\n## Getting To Know Yeoman\n\nYeoman has a heart of gold. He&#39;s a person with feelings and opinions, but he&#39;s very easy to work with. If you think he&#39;s too opinionated, he can be easily convinced. Feel free to [learn more about him](http://yeoman.io/).\n\n## License\n\nMIT © [idochetrit]()\n\n\n[npm-image]: https://badge.fury.io/js/generator-go-negroni-pat-angular.svg\n[npm-url]: https://npmjs.org/package/generator-go-negroni-pat-angular\n[travis-image]: https://travis-ci.org/idoch/generator-go-negroni-pat-angular.svg?branch=master\n[travis-url]: https://travis-ci.org/idoch/generator-go-negroni-pat-angular\n[daviddm-image]: https://david-dm.org/idoch/generator-go-negroni-pat-angular.svg?theme=shields.io\n[daviddm-url]: https://david-dm.org/idoch/generator-go-negroni-pat-angular\n',
22 silly publish   readmeFilename: 'README.md',
22 silly publish   gitHead: '461f46d05905c8c2d095a32d50dd470226a7e24c',
22 silly publish   bugs: { url: 'https://github.com/idoch/generator-go-negroni-pat-angular/issues' },
22 silly publish   _id: 'generator-go-negroni-pat-angular@0.1.0',
22 silly publish   _shasum: '875dad4c2694d61aa05a8461fdac8902ef23c869',
22 silly publish   _from: '.' }
23 verbose getPublishConfig undefined
24 silly mapToRegistry name generator-go-negroni-pat-angular
25 silly mapToRegistry using default registry
26 silly mapToRegistry registry https://registry.npmjs.org/
27 silly mapToRegistry uri https://registry.npmjs.org/generator-go-negroni-pat-angular
28 verbose publish registryBase https://registry.npmjs.org/
29 silly publish uploading /Users/idoch/.npm/generator-go-negroni-pat-angular/0.1.0/package.tgz
30 verbose request uri https://registry.npmjs.org/generator-go-negroni-pat-angular
31 verbose request sending authorization for write operation
32 info attempt registry request try #1 at 8:46:12 PM
33 verbose request using bearer token for auth
34 verbose request id ef6a84a1ea968c2d
35 http request PUT https://registry.npmjs.org/generator-go-negroni-pat-angular
36 http 403 https://registry.npmjs.org/generator-go-negroni-pat-angular
37 verbose headers { 'content-type': 'application/json',
37 verbose headers   'cache-control': 'max-age=300',
37 verbose headers   'content-length': '95',
37 verbose headers   'accept-ranges': 'bytes',
37 verbose headers   date: 'Wed, 06 Jan 2016 18:46:20 GMT',
37 verbose headers   via: '1.1 varnish',
37 verbose headers   connection: 'keep-alive',
37 verbose headers   'x-served-by': 'cache-fra1230-FRA',
37 verbose headers   'x-cache': 'MISS',
37 verbose headers   'x-cache-hits': '0',
37 verbose headers   'x-timer': 'S1452105973.574725,VS0,VE6909' }
38 verbose request invalidating /Users/idoch/.npm/registry.npmjs.org/generator-go-negroni-pat-angular on PUT
39 error publish Failed PUT 403
40 verbose stack Error: "You cannot publish over the previously published version 0.1.0." : generator-go-negroni-pat-angular
40 verbose stack     at makeError (/Users/idoch/.nvm/v5.3.0/lib/node_modules/npm/node_modules/npm-registry-client/lib/request.js:264:12)
40 verbose stack     at CachingRegistryClient.<anonymous> (/Users/idoch/.nvm/v5.3.0/lib/node_modules/npm/node_modules/npm-registry-client/lib/request.js:252:14)
40 verbose stack     at Request._callback (/Users/idoch/.nvm/v5.3.0/lib/node_modules/npm/node_modules/npm-registry-client/lib/request.js:172:14)
40 verbose stack     at Request.self.callback (/Users/idoch/.nvm/v5.3.0/lib/node_modules/npm/node_modules/request/request.js:198:22)
40 verbose stack     at emitTwo (events.js:87:13)
40 verbose stack     at Request.emit (events.js:172:7)
40 verbose stack     at Request.<anonymous> (/Users/idoch/.nvm/v5.3.0/lib/node_modules/npm/node_modules/request/request.js:1082:10)
40 verbose stack     at emitOne (events.js:82:20)
40 verbose stack     at Request.emit (events.js:169:7)
40 verbose stack     at IncomingMessage.<anonymous> (/Users/idoch/.nvm/v5.3.0/lib/node_modules/npm/node_modules/request/request.js:1009:12)
41 verbose statusCode 403
42 verbose pkgid generator-go-negroni-pat-angular
43 verbose cwd /Users/idoch/Documents/projects/generator-go-negroni-pat-angular
44 error Darwin 15.2.0
45 error argv "/Users/idoch/.nvm/v5.3.0/bin/node" "/Users/idoch/.nvm/v5.3.0/bin/npm" "publish"
46 error node v5.3.0
47 error npm  v3.3.12
48 error code E403
49 error "You cannot publish over the previously published version 0.1.0." : generator-go-negroni-pat-angular
50 error If you need help, you may report this error at:
50 error     <https://github.com/npm/npm/issues>
51 verbose exit [ 1, true ]
